2023-04-08 23:30:22 INFO     [crossword_solver_2.py:48] Start convert_to_matrix
2023-04-08 23:30:22 DEBUG    [crossword_solver_2.py:51] crossword = [['.', 'X', 'X', 'X', '.'], ['.', '.', '.', 'X', '.'], ['.', 'X', '.', 'X', '.'], ['.', '.', '.', '.', '.']]
2023-04-08 23:30:22 INFO     [crossword_solver_2.py:153] Start solution for crossword = [['.', 'X', 'X', 'X', '.'], ['.', '.', '.', 'X', '.'], ['.', 'X', '.', 'X', '.'], ['.', '.', '.', '.', '.']] and for idx = 0
2023-04-08 23:30:22 DEBUG    [crossword_solver_2.py:162] word to check = ABBA
2023-04-08 23:30:22 INFO     [crossword_solver_2.py:63] Start canPlaceHorizontally for rows = 0 and cols = 0
2023-04-08 23:30:22 DEBUG    [crossword_solver_2.py:71] canPlaceHorizontally = False
2023-04-08 23:30:22 INFO     [crossword_solver_2.py:86] Start canPlaceVertically for rows = 0 and cols = 0
2023-04-08 23:30:22 DEBUG    [crossword_solver_2.py:102] canPlaceVertically = TRUE TRUE TRUE
2023-04-08 23:30:22 INFO     [crossword_solver_2.py:120] Start placeVertically for rows = 0 and cols = 0
2023-04-08 23:30:22 DEBUG    [crossword_solver_2.py:127] wherePlaced Vertically = {0, 1, 2, 3}
2023-04-08 23:30:22 DEBUG    [crossword_solver_2.py:128] crossword after placeVertically = [['A', 'X', 'X', 'X', '.'], ['B', '.', '.', 'X', '.'], ['B', 'X', '.', 'X', '.'], ['A', '.', '.', '.', '.']]
2023-04-08 23:30:22 INFO     [crossword_solver_2.py:153] Start solution for crossword = [['A', 'X', 'X', 'X', '.'], ['B', '.', '.', 'X', '.'], ['B', 'X', '.', 'X', '.'], ['A', '.', '.', '.', '.']] and for idx = 1
2023-04-08 23:30:22 DEBUG    [crossword_solver_2.py:162] word to check = BEC
2023-04-08 23:30:22 INFO     [crossword_solver_2.py:63] Start canPlaceHorizontally for rows = 0 and cols = 0
2023-04-08 23:30:22 DEBUG    [crossword_solver_2.py:78] canPlaceHorizontally = False
2023-04-08 23:30:22 INFO     [crossword_solver_2.py:86] Start canPlaceVertically for rows = 0 and cols = 0
2023-04-08 23:30:22 DEBUG    [crossword_solver_2.py:93] canPlaceVertically = False
2023-04-08 23:30:22 INFO     [crossword_solver_2.py:63] Start canPlaceHorizontally for rows = 0 and cols = 1
2023-04-08 23:30:22 DEBUG    [crossword_solver_2.py:68] canPlaceHorizontally = False
2023-04-08 23:30:22 INFO     [crossword_solver_2.py:86] Start canPlaceVertically for rows = 0 and cols = 1
2023-04-08 23:30:22 DEBUG    [crossword_solver_2.py:93] canPlaceVertically = False
2023-04-08 23:30:22 INFO     [crossword_solver_2.py:63] Start canPlaceHorizontally for rows = 0 and cols = 2
2023-04-08 23:30:22 DEBUG    [crossword_solver_2.py:78] canPlaceHorizontally = False
2023-04-08 23:30:22 INFO     [crossword_solver_2.py:86] Start canPlaceVertically for rows = 0 and cols = 2
2023-04-08 23:30:22 DEBUG    [crossword_solver_2.py:93] canPlaceVertically = False
2023-04-08 23:30:22 INFO     [crossword_solver_2.py:63] Start canPlaceHorizontally for rows = 0 and cols = 3
2023-04-08 23:30:22 DEBUG    [crossword_solver_2.py:71] canPlaceHorizontally = False
2023-04-08 23:30:22 INFO     [crossword_solver_2.py:86] Start canPlaceVertically for rows = 0 and cols = 3
2023-04-08 23:30:22 DEBUG    [crossword_solver_2.py:93] canPlaceVertically = False
2023-04-08 23:30:22 INFO     [crossword_solver_2.py:63] Start canPlaceHorizontally for rows = 0 and cols = 4
2023-04-08 23:30:22 DEBUG    [crossword_solver_2.py:71] canPlaceHorizontally = False
2023-04-08 23:30:22 INFO     [crossword_solver_2.py:86] Start canPlaceVertically for rows = 0 and cols = 4
2023-04-08 23:30:22 DEBUG    [crossword_solver_2.py:93] canPlaceVertically = False
2023-04-08 23:30:22 INFO     [crossword_solver_2.py:63] Start canPlaceHorizontally for rows = 1 and cols = 0
2023-04-08 23:30:22 DEBUG    [crossword_solver_2.py:81] canPlaceHorizontally = TRUE TRUE TRUE
2023-04-08 23:30:22 INFO     [crossword_solver_2.py:107] Start placeHorizontally for rows = 1 and cols = 0
2023-04-08 23:30:22 DEBUG    [crossword_solver_2.py:114] wherePlaced Horizontally = {1, 2}
2023-04-08 23:30:22 DEBUG    [crossword_solver_2.py:115] crossword after placeHorizontally = [['A', 'X', 'X', 'X', '.'], ['B', 'E', 'C', 'X', '.'], ['B', 'X', '.', 'X', '.'], ['A', '.', '.', '.', '.']]
2023-04-08 23:30:22 INFO     [crossword_solver_2.py:153] Start solution for crossword = [['A', 'X', 'X', 'X', '.'], ['B', 'E', 'C', 'X', '.'], ['B', 'X', '.', 'X', '.'], ['A', '.', '.', '.', '.']] and for idx = 2
2023-04-08 23:30:22 DEBUG    [crossword_solver_2.py:162] word to check = COC
2023-04-08 23:30:22 INFO     [crossword_solver_2.py:63] Start canPlaceHorizontally for rows = 0 and cols = 0
2023-04-08 23:30:22 DEBUG    [crossword_solver_2.py:78] canPlaceHorizontally = False
2023-04-08 23:30:22 INFO     [crossword_solver_2.py:86] Start canPlaceVertically for rows = 0 and cols = 0
2023-04-08 23:30:22 DEBUG    [crossword_solver_2.py:93] canPlaceVertically = False
2023-04-08 23:30:22 INFO     [crossword_solver_2.py:63] Start canPlaceHorizontally for rows = 0 and cols = 1
2023-04-08 23:30:22 DEBUG    [crossword_solver_2.py:68] canPlaceHorizontally = False
2023-04-08 23:30:22 INFO     [crossword_solver_2.py:86] Start canPlaceVertically for rows = 0 and cols = 1
2023-04-08 23:30:22 DEBUG    [crossword_solver_2.py:93] canPlaceVertically = False
2023-04-08 23:30:22 INFO     [crossword_solver_2.py:63] Start canPlaceHorizontally for rows = 0 and cols = 2
2023-04-08 23:30:22 DEBUG    [crossword_solver_2.py:78] canPlaceHorizontally = False
2023-04-08 23:30:22 INFO     [crossword_solver_2.py:86] Start canPlaceVertically for rows = 0 and cols = 2
2023-04-08 23:30:22 DEBUG    [crossword_solver_2.py:93] canPlaceVertically = False
2023-04-08 23:30:22 INFO     [crossword_solver_2.py:63] Start canPlaceHorizontally for rows = 0 and cols = 3
2023-04-08 23:30:22 DEBUG    [crossword_solver_2.py:71] canPlaceHorizontally = False
2023-04-08 23:30:22 INFO     [crossword_solver_2.py:86] Start canPlaceVertically for rows = 0 and cols = 3
2023-04-08 23:30:22 DEBUG    [crossword_solver_2.py:93] canPlaceVertically = False
2023-04-08 23:30:22 INFO     [crossword_solver_2.py:63] Start canPlaceHorizontally for rows = 0 and cols = 4
2023-04-08 23:30:22 DEBUG    [crossword_solver_2.py:71] canPlaceHorizontally = False
2023-04-08 23:30:22 INFO     [crossword_solver_2.py:86] Start canPlaceVertically for rows = 0 and cols = 4
2023-04-08 23:30:22 DEBUG    [crossword_solver_2.py:93] canPlaceVertically = False
2023-04-08 23:30:22 INFO     [crossword_solver_2.py:63] Start canPlaceHorizontally for rows = 1 and cols = 0
2023-04-08 23:30:22 DEBUG    [crossword_solver_2.py:78] canPlaceHorizontally = False
2023-04-08 23:30:22 INFO     [crossword_solver_2.py:86] Start canPlaceVertically for rows = 1 and cols = 0
2023-04-08 23:30:22 DEBUG    [crossword_solver_2.py:90] canPlaceVertically = False
2023-04-08 23:30:22 INFO     [crossword_solver_2.py:63] Start canPlaceHorizontally for rows = 1 and cols = 1
2023-04-08 23:30:22 DEBUG    [crossword_solver_2.py:68] canPlaceHorizontally = False
2023-04-08 23:30:22 INFO     [crossword_solver_2.py:86] Start canPlaceVertically for rows = 1 and cols = 1
2023-04-08 23:30:22 DEBUG    [crossword_solver_2.py:99] canPlaceVertically = False
2023-04-08 23:30:22 INFO     [crossword_solver_2.py:63] Start canPlaceHorizontally for rows = 1 and cols = 2
2023-04-08 23:30:22 DEBUG    [crossword_solver_2.py:68] canPlaceHorizontally = False
2023-04-08 23:30:22 INFO     [crossword_solver_2.py:86] Start canPlaceVertically for rows = 1 and cols = 2
2023-04-08 23:30:22 DEBUG    [crossword_solver_2.py:102] canPlaceVertically = TRUE TRUE TRUE
2023-04-08 23:30:22 INFO     [crossword_solver_2.py:120] Start placeVertically for rows = 1 and cols = 2
2023-04-08 23:30:22 DEBUG    [crossword_solver_2.py:127] wherePlaced Vertically = {2, 3}
2023-04-08 23:30:22 DEBUG    [crossword_solver_2.py:128] crossword after placeVertically = [['A', 'X', 'X', 'X', '.'], ['B', 'E', 'C', 'X', '.'], ['B', 'X', 'O', 'X', '.'], ['A', '.', 'C', '.', '.']]
2023-04-08 23:30:22 INFO     [crossword_solver_2.py:153] Start solution for crossword = [['A', 'X', 'X', 'X', '.'], ['B', 'E', 'C', 'X', '.'], ['B', 'X', 'O', 'X', '.'], ['A', '.', 'C', '.', '.']] and for idx = 3
2023-04-08 23:30:22 DEBUG    [crossword_solver_2.py:162] word to check = AICAR
2023-04-08 23:30:22 INFO     [crossword_solver_2.py:63] Start canPlaceHorizontally for rows = 0 and cols = 0
2023-04-08 23:30:22 DEBUG    [crossword_solver_2.py:78] canPlaceHorizontally = False
2023-04-08 23:30:22 INFO     [crossword_solver_2.py:86] Start canPlaceVertically for rows = 0 and cols = 0
2023-04-08 23:30:22 DEBUG    [crossword_solver_2.py:93] canPlaceVertically = False
2023-04-08 23:30:22 INFO     [crossword_solver_2.py:63] Start canPlaceHorizontally for rows = 0 and cols = 1
2023-04-08 23:30:22 DEBUG    [crossword_solver_2.py:68] canPlaceHorizontally = False
2023-04-08 23:30:22 INFO     [crossword_solver_2.py:86] Start canPlaceVertically for rows = 0 and cols = 1
2023-04-08 23:30:22 DEBUG    [crossword_solver_2.py:93] canPlaceVertically = False
2023-04-08 23:30:22 INFO     [crossword_solver_2.py:63] Start canPlaceHorizontally for rows = 0 and cols = 2
2023-04-08 23:30:22 DEBUG    [crossword_solver_2.py:71] canPlaceHorizontally = False
2023-04-08 23:30:22 INFO     [crossword_solver_2.py:86] Start canPlaceVertically for rows = 0 and cols = 2
2023-04-08 23:30:22 DEBUG    [crossword_solver_2.py:93] canPlaceVertically = False
2023-04-08 23:30:22 INFO     [crossword_solver_2.py:63] Start canPlaceHorizontally for rows = 0 and cols = 3
2023-04-08 23:30:22 DEBUG    [crossword_solver_2.py:71] canPlaceHorizontally = False
2023-04-08 23:30:22 INFO     [crossword_solver_2.py:86] Start canPlaceVertically for rows = 0 and cols = 3
2023-04-08 23:30:22 DEBUG    [crossword_solver_2.py:93] canPlaceVertically = False
2023-04-08 23:30:22 INFO     [crossword_solver_2.py:63] Start canPlaceHorizontally for rows = 0 and cols = 4
2023-04-08 23:30:22 DEBUG    [crossword_solver_2.py:71] canPlaceHorizontally = False
2023-04-08 23:30:22 INFO     [crossword_solver_2.py:86] Start canPlaceVertically for rows = 0 and cols = 4
2023-04-08 23:30:22 DEBUG    [crossword_solver_2.py:93] canPlaceVertically = False
2023-04-08 23:30:22 INFO     [crossword_solver_2.py:63] Start canPlaceHorizontally for rows = 1 and cols = 0
2023-04-08 23:30:22 DEBUG    [crossword_solver_2.py:78] canPlaceHorizontally = False
2023-04-08 23:30:22 INFO     [crossword_solver_2.py:86] Start canPlaceVertically for rows = 1 and cols = 0
2023-04-08 23:30:22 DEBUG    [crossword_solver_2.py:90] canPlaceVertically = False
2023-04-08 23:30:22 INFO     [crossword_solver_2.py:63] Start canPlaceHorizontally for rows = 1 and cols = 1
2023-04-08 23:30:22 DEBUG    [crossword_solver_2.py:68] canPlaceHorizontally = False
2023-04-08 23:30:22 INFO     [crossword_solver_2.py:86] Start canPlaceVertically for rows = 1 and cols = 1
2023-04-08 23:30:22 DEBUG    [crossword_solver_2.py:93] canPlaceVertically = False
2023-04-08 23:30:22 INFO     [crossword_solver_2.py:63] Start canPlaceHorizontally for rows = 1 and cols = 2
2023-04-08 23:30:22 DEBUG    [crossword_solver_2.py:68] canPlaceHorizontally = False
2023-04-08 23:30:22 INFO     [crossword_solver_2.py:86] Start canPlaceVertically for rows = 1 and cols = 2
2023-04-08 23:30:22 DEBUG    [crossword_solver_2.py:93] canPlaceVertically = False
2023-04-08 23:30:22 INFO     [crossword_solver_2.py:63] Start canPlaceHorizontally for rows = 1 and cols = 3
2023-04-08 23:30:22 DEBUG    [crossword_solver_2.py:68] canPlaceHorizontally = False
2023-04-08 23:30:22 INFO     [crossword_solver_2.py:86] Start canPlaceVertically for rows = 1 and cols = 3
2023-04-08 23:30:22 DEBUG    [crossword_solver_2.py:93] canPlaceVertically = False
2023-04-08 23:30:22 INFO     [crossword_solver_2.py:63] Start canPlaceHorizontally for rows = 1 and cols = 4
2023-04-08 23:30:22 DEBUG    [crossword_solver_2.py:71] canPlaceHorizontally = False
2023-04-08 23:30:22 INFO     [crossword_solver_2.py:86] Start canPlaceVertically for rows = 1 and cols = 4
2023-04-08 23:30:22 DEBUG    [crossword_solver_2.py:90] canPlaceVertically = False
2023-04-08 23:30:22 INFO     [crossword_solver_2.py:63] Start canPlaceHorizontally for rows = 2 and cols = 0
2023-04-08 23:30:22 DEBUG    [crossword_solver_2.py:78] canPlaceHorizontally = False
2023-04-08 23:30:22 INFO     [crossword_solver_2.py:86] Start canPlaceVertically for rows = 2 and cols = 0
2023-04-08 23:30:22 DEBUG    [crossword_solver_2.py:90] canPlaceVertically = False
2023-04-08 23:30:22 INFO     [crossword_solver_2.py:63] Start canPlaceHorizontally for rows = 2 and cols = 1
2023-04-08 23:30:22 DEBUG    [crossword_solver_2.py:68] canPlaceHorizontally = False
2023-04-08 23:30:22 INFO     [crossword_solver_2.py:86] Start canPlaceVertically for rows = 2 and cols = 1
2023-04-08 23:30:22 DEBUG    [crossword_solver_2.py:90] canPlaceVertically = False
2023-04-08 23:30:22 INFO     [crossword_solver_2.py:63] Start canPlaceHorizontally for rows = 2 and cols = 2
2023-04-08 23:30:22 DEBUG    [crossword_solver_2.py:71] canPlaceHorizontally = False
2023-04-08 23:30:22 INFO     [crossword_solver_2.py:86] Start canPlaceVertically for rows = 2 and cols = 2
2023-04-08 23:30:22 DEBUG    [crossword_solver_2.py:90] canPlaceVertically = False
2023-04-08 23:30:22 INFO     [crossword_solver_2.py:63] Start canPlaceHorizontally for rows = 2 and cols = 3
2023-04-08 23:30:22 DEBUG    [crossword_solver_2.py:68] canPlaceHorizontally = False
2023-04-08 23:30:22 INFO     [crossword_solver_2.py:86] Start canPlaceVertically for rows = 2 and cols = 3
2023-04-08 23:30:22 DEBUG    [crossword_solver_2.py:93] canPlaceVertically = False
2023-04-08 23:30:22 INFO     [crossword_solver_2.py:63] Start canPlaceHorizontally for rows = 2 and cols = 4
2023-04-08 23:30:22 DEBUG    [crossword_solver_2.py:71] canPlaceHorizontally = False
2023-04-08 23:30:22 INFO     [crossword_solver_2.py:86] Start canPlaceVertically for rows = 2 and cols = 4
2023-04-08 23:30:22 DEBUG    [crossword_solver_2.py:90] canPlaceVertically = False
2023-04-08 23:30:22 INFO     [crossword_solver_2.py:63] Start canPlaceHorizontally for rows = 3 and cols = 0
2023-04-08 23:30:22 DEBUG    [crossword_solver_2.py:81] canPlaceHorizontally = TRUE TRUE TRUE
2023-04-08 23:30:22 INFO     [crossword_solver_2.py:107] Start placeHorizontally for rows = 3 and cols = 0
2023-04-08 23:30:22 DEBUG    [crossword_solver_2.py:114] wherePlaced Horizontally = {1, 3, 4}
2023-04-08 23:30:22 DEBUG    [crossword_solver_2.py:115] crossword after placeHorizontally = [['A', 'X', 'X', 'X', '.'], ['B', 'E', 'C', 'X', '.'], ['B', 'X', 'O', 'X', '.'], ['A', 'I', 'C', 'A', 'R']]
2023-04-08 23:30:22 INFO     [crossword_solver_2.py:153] Start solution for crossword = [['A', 'X', 'X', 'X', '.'], ['B', 'E', 'C', 'X', '.'], ['B', 'X', 'O', 'X', '.'], ['A', 'I', 'C', 'A', 'R']] and for idx = 4
2023-04-08 23:30:22 DEBUG    [crossword_solver_2.py:162] word to check = TAIR
2023-04-08 23:30:22 INFO     [crossword_solver_2.py:63] Start canPlaceHorizontally for rows = 0 and cols = 0
2023-04-08 23:30:22 DEBUG    [crossword_solver_2.py:71] canPlaceHorizontally = False
2023-04-08 23:30:22 INFO     [crossword_solver_2.py:86] Start canPlaceVertically for rows = 0 and cols = 0
2023-04-08 23:30:22 DEBUG    [crossword_solver_2.py:99] canPlaceVertically = False
2023-04-08 23:30:22 INFO     [crossword_solver_2.py:63] Start canPlaceHorizontally for rows = 0 and cols = 1
2023-04-08 23:30:22 DEBUG    [crossword_solver_2.py:68] canPlaceHorizontally = False
2023-04-08 23:30:22 INFO     [crossword_solver_2.py:86] Start canPlaceVertically for rows = 0 and cols = 1
2023-04-08 23:30:22 DEBUG    [crossword_solver_2.py:99] canPlaceVertically = False
2023-04-08 23:30:22 INFO     [crossword_solver_2.py:63] Start canPlaceHorizontally for rows = 0 and cols = 2
2023-04-08 23:30:22 DEBUG    [crossword_solver_2.py:71] canPlaceHorizontally = False
2023-04-08 23:30:22 INFO     [crossword_solver_2.py:86] Start canPlaceVertically for rows = 0 and cols = 2
2023-04-08 23:30:22 DEBUG    [crossword_solver_2.py:99] canPlaceVertically = False
2023-04-08 23:30:22 INFO     [crossword_solver_2.py:63] Start canPlaceHorizontally for rows = 0 and cols = 3
2023-04-08 23:30:22 DEBUG    [crossword_solver_2.py:71] canPlaceHorizontally = False
2023-04-08 23:30:22 INFO     [crossword_solver_2.py:86] Start canPlaceVertically for rows = 0 and cols = 3
2023-04-08 23:30:22 DEBUG    [crossword_solver_2.py:99] canPlaceVertically = False
2023-04-08 23:30:22 INFO     [crossword_solver_2.py:63] Start canPlaceHorizontally for rows = 0 and cols = 4
2023-04-08 23:30:22 DEBUG    [crossword_solver_2.py:71] canPlaceHorizontally = False
2023-04-08 23:30:22 INFO     [crossword_solver_2.py:86] Start canPlaceVertically for rows = 0 and cols = 4
2023-04-08 23:30:22 DEBUG    [crossword_solver_2.py:102] canPlaceVertically = TRUE TRUE TRUE
2023-04-08 23:30:22 INFO     [crossword_solver_2.py:120] Start placeVertically for rows = 0 and cols = 4
2023-04-08 23:30:22 DEBUG    [crossword_solver_2.py:127] wherePlaced Vertically = {0, 1, 2}
2023-04-08 23:30:22 DEBUG    [crossword_solver_2.py:128] crossword after placeVertically = [['A', 'X', 'X', 'X', 'T'], ['B', 'E', 'C', 'X', 'A'], ['B', 'X', 'O', 'X', 'I'], ['A', 'I', 'C', 'A', 'R']]
2023-04-08 23:30:22 INFO     [crossword_solver_2.py:153] Start solution for crossword = [['A', 'X', 'X', 'X', 'T'], ['B', 'E', 'C', 'X', 'A'], ['B', 'X', 'O', 'X', 'I'], ['A', 'I', 'C', 'A', 'R']] and for idx = 5
2023-04-08 23:30:22 DEBUG    [crossword_solver_2.py:157] crossword after convert_to_string = ['AXXXT', 'BECXA', 'BXOXI', 'AICAR']
2023-04-08 23:30:22 DEBUG    [crossword_solver_2.py:191] crossword (if solution after canPlaceVertically is True) = ['AXXXT', 'BECXA', 'BXOXI', 'AICAR']
2023-04-08 23:30:22 DEBUG    [crossword_solver_2.py:177] crossword (if solution after canPlaceHorizontally is True) = ['AXXXT', 'BECXA', 'BXOXI', 'AICAR']
2023-04-08 23:30:22 DEBUG    [crossword_solver_2.py:191] crossword (if solution after canPlaceVertically is True) = ['AXXXT', 'BECXA', 'BXOXI', 'AICAR']
2023-04-08 23:30:22 DEBUG    [crossword_solver_2.py:177] crossword (if solution after canPlaceHorizontally is True) = ['AXXXT', 'BECXA', 'BXOXI', 'AICAR']
2023-04-08 23:30:22 DEBUG    [crossword_solver_2.py:191] crossword (if solution after canPlaceVertically is True) = ['AXXXT', 'BECXA', 'BXOXI', 'AICAR']
